<?xml version="1.0" encoding="UTF-8"?>
<testng-results ignored="0" total="1" passed="1" failed="0" skipped="0">
  <reporter-output>
  </reporter-output>
  <suite started-at="2024-10-24T17:46:36 IST" name="Default suite" finished-at="2024-10-24T17:46:37 IST" duration-ms="722">
    <groups>
    </groups>
    <test started-at="2024-10-24T17:46:36 IST" name="Default test" finished-at="2024-10-24T17:46:37 IST" duration-ms="722">
      <class name="SeleniumPractice.ExtendTest">
        <test-method signature="testcase()[pri:0, instance:SeleniumPractice.ExtendTest@72bc6553]" started-at="2024-10-24T17:46:36 IST" name="testcase" finished-at="2024-10-24T17:46:37 IST" duration-ms="657" status="PASS">
          <reporter-output>
          </reporter-output>
        </test-method> <!-- testcase -->
      </class> <!-- SeleniumPractice.ExtendTest -->
    </test> <!-- Default test -->
  </suite> <!-- Default suite -->
</testng-results>
